2023-04-23 15:47:56 INFO  (Imagen.java:34) Se crea imagen vacía de 600x400
2023-04-23 15:48:16 INFO  (Imagen.java:34) Se crea imagen vacía de 600x400
2023-04-23 19:17:04 INFO  (Imagen.java:34) Se crea imagen vacía de 600x400
2023-04-23 19:18:05 INFO  (Imagen.java:34) Se crea imagen vacía de 600x400
2023-04-23 19:18:22 INFO  (Imagen.java:34) Se crea imagen vacía de 600x400
2023-04-24 16:48:21 INFO  (Imagen.java:33) Se crea imagen vacía de 600x400
2023-04-24 16:48:28 INFO  (ImagenFrame.java:33) Abrimos el file choose para escoger un archivo
2023-04-24 16:51:06 INFO  (Imagen.java:33) Se crea imagen vacía de 600x400
2023-04-24 16:51:10 INFO  (ImagenFrame.java:33) Abrimos el file choose para escoger un archivo
2023-04-24 16:51:29 INFO  (ImagenFrame.java:37) C:\ImagenesProg\fotoPerrito.jpg
2023-04-24 16:52:08 INFO  (Imagen.java:33) Se crea imagen vacía de 600x400
2023-04-24 16:52:17 INFO  (ImagenFrame.java:33) Abrimos el file choose para escoger un archivo
2023-04-24 16:52:28 INFO  (ImagenFrame.java:37) C:\Img\fotoPerrito.jpg
2023-04-24 16:52:31 INFO  (ImagenFrame.java:71) El usuario convierte la imagen a escala de gris
2023-04-24 16:52:57 INFO  (ImagenFrame.java:60) El usuario salió del programa
2023-04-24 16:59:16 INFO  (Imagen.java:33) Se crea imagen vacía de 600x400
2023-04-24 16:59:19 INFO  (ImagenFrame.java:34) Abrimos el file choose para escoger un archivo
2023-04-24 16:59:40 INFO  (ImagenFrame.java:38) C:\Img\fotoPerrito.jpg
2023-04-24 16:59:45 INFO  (ImagenFrame.java:80) El usuario convierte la imagen a escala de rojo
2023-04-24 16:59:59 INFO  (ImagenFrame.java:72) El usuario convierte la imagen a escala de gris
2023-04-24 17:00:02 INFO  (ImagenFrame.java:80) El usuario convierte la imagen a escala de rojo
2023-04-24 17:02:36 INFO  (Imagen.java:33) Se crea imagen vacía de 600x400
2023-04-24 17:02:39 INFO  (ImagenFrame.java:34) Abrimos el file choose para escoger un archivo
2023-04-24 17:03:12 INFO  (ImagenFrame.java:38) C:\Img\fotoPerrito.jpg
2023-04-24 17:03:16 INFO  (ImagenFrame.java:80) El usuario convierte la imagen a escala de rojo
2023-04-24 17:03:26 INFO  (ImagenFrame.java:80) El usuario convierte la imagen a escala de rojo
2023-04-24 17:03:50 INFO  (Imagen.java:33) Se crea imagen vacía de 600x400
2023-04-24 17:03:55 INFO  (ImagenFrame.java:34) Abrimos el file choose para escoger un archivo
2023-04-24 17:04:25 INFO  (ImagenFrame.java:38) C:\Img\fotoPerrito.jpg
2023-04-24 17:04:29 INFO  (ImagenFrame.java:80) El usuario convierte la imagen a escala de rojo
2023-04-24 17:04:32 INFO  (ImagenFrame.java:72) El usuario convierte la imagen a escala de gris
2023-04-24 17:04:34 INFO  (ImagenFrame.java:80) El usuario convierte la imagen a escala de rojo
2023-04-24 17:04:39 INFO  (ImagenFrame.java:61) El usuario salió del programa
2023-04-24 17:05:34 INFO  (Imagen.java:33) Se crea imagen vacía de 600x400
2023-04-24 17:05:39 INFO  (ImagenFrame.java:34) Abrimos el file choose para escoger un archivo
2023-04-24 17:05:56 INFO  (ImagenFrame.java:38) C:\Img\fotoPerrito.jpg
2023-04-24 17:05:58 INFO  (ImagenFrame.java:80) El usuario convierte la imagen a escala de rojo
2023-04-24 17:13:28 INFO  (Imagen.java:33) Se crea imagen vacía de 600x400
2023-04-24 17:13:31 INFO  (ImagenFrame.java:35) Abrimos el file choose para escoger un archivo
2023-04-24 17:13:44 INFO  (ImagenFrame.java:39) C:\Img\fotoPerrito.jpg
2023-04-24 17:13:47 INFO  (ImagenFrame.java:89) El usuario convierte la imagen a escala de verde
2023-04-24 17:13:59 INFO  (Imagen.java:33) Se crea imagen vacía de 600x400
2023-04-24 17:14:19 INFO  (Imagen.java:33) Se crea imagen vacía de 600x400
2023-04-24 17:14:25 INFO  (ImagenFrame.java:35) Abrimos el file choose para escoger un archivo
2023-04-24 17:14:35 INFO  (ImagenFrame.java:39) C:\Img\fotoPerrito.jpg
2023-04-24 17:14:37 INFO  (ImagenFrame.java:89) El usuario convierte la imagen a escala de verde
2023-04-24 17:16:33 INFO  (Imagen.java:33) Se crea imagen vacía de 600x400
2023-04-24 17:16:38 INFO  (ImagenFrame.java:35) Abrimos el file choose para escoger un archivo
2023-04-24 17:16:47 INFO  (ImagenFrame.java:39) C:\Img\fotoPerrito.jpg
2023-04-24 17:16:49 INFO  (ImagenFrame.java:89) El usuario convierte la imagen a escala de verde
2023-04-24 17:16:52 INFO  (ImagenFrame.java:81) El usuario convierte la imagen a escala de rojo
2023-04-24 17:16:54 INFO  (ImagenFrame.java:73) El usuario convierte la imagen a escala de gris
2023-04-24 17:16:59 INFO  (ImagenFrame.java:62) El usuario salió del programa
2023-04-24 17:21:32 INFO  (Imagen.java:33) Se crea imagen vacía de 600x400
2023-04-24 17:21:35 INFO  (ImagenFrame.java:35) Abrimos el file choose para escoger un archivo
2023-04-24 17:21:48 INFO  (ImagenFrame.java:39) C:\Img\fotoPerrito.jpg
2023-04-24 17:21:51 INFO  (ImagenFrame.java:81) El usuario convierte la imagen a escala de rojo
2023-04-24 17:21:53 INFO  (ImagenFrame.java:73) El usuario convierte la imagen a escala de gris
2023-04-24 17:21:55 INFO  (ImagenFrame.java:89) El usuario convierte la imagen a escala de verde
2023-04-24 17:26:39 INFO  (Imagen.java:33) Se crea imagen vacía de 600x400
2023-04-24 17:28:54 INFO  (Imagen.java:33) Se crea imagen vacía de 600x400
2023-04-24 17:28:56 INFO  (ImagenFrame.java:36) Abrimos el file choose para escoger un archivo
2023-04-24 17:29:11 INFO  (ImagenFrame.java:40) C:\Img\fotoPerrito.jpg
2023-04-24 17:29:15 INFO  (ImagenFrame.java:98) El usuario convierte la imagen a escala de Azul
2023-04-24 18:06:03 INFO  (Imagen.java:35) Se crea imagen vacía de 600x400
2023-04-24 18:06:08 INFO  (ImagenFrame.java:36) Abrimos el file choose para escoger un archivo
2023-04-24 18:06:23 INFO  (ImagenFrame.java:40) C:\Img\fotoPerrito.jpg
2023-04-24 18:06:26 INFO  (ImagenFrame.java:63) El usuario borra la imagen
2023-04-24 18:06:26 DEBUG (Imagen.java:140) Se resetea la imagen
2023-04-24 18:18:35 INFO  (Imagen.java:35) Se crea imagen vacía de 600x400
2023-04-24 18:18:39 INFO  (ImagenFrame.java:36) Abrimos el file choose para escoger un archivo
2023-04-24 18:19:47 INFO  (Imagen.java:35) Se crea imagen vacía de 600x400
2023-04-24 18:19:50 INFO  (ImagenFrame.java:36) Abrimos el file choose para escoger un archivo
2023-04-24 18:20:00 INFO  (ImagenFrame.java:40) C:\Img\fotoPerrito.jpg
2023-04-24 18:20:02 INFO  (ImagenFrame.java:97) El usuario convierte la imagen a escala de verde
2023-04-24 18:20:05 INFO  (ImagenFrame.java:63) El usuario borra la imagen
2023-04-24 18:20:05 DEBUG (Imagen.java:140) Se resetea la imagen
2023-04-24 18:20:06 INFO  (ImagenFrame.java:36) Abrimos el file choose para escoger un archivo
2023-04-24 18:20:17 INFO  (ImagenFrame.java:40) C:\Img\fotoGatito.jpg
2023-04-24 18:21:58 INFO  (ImagenFrame.java:63) El usuario borra la imagen
2023-04-24 18:21:58 DEBUG (Imagen.java:140) Se resetea la imagen
2023-04-24 18:22:02 INFO  (ImagenFrame.java:36) Abrimos el file choose para escoger un archivo
2023-04-24 18:22:15 INFO  (ImagenFrame.java:40) C:\Img\fotoPerrito.jpg
2023-04-24 18:31:47 INFO  (Imagen.java:35) Se crea imagen vacía de 600x400
2023-04-24 18:31:50 INFO  (ImagenFrame.java:36) Abrimos el file choose para escoger un archivo
2023-04-24 18:32:03 INFO  (ImagenFrame.java:40) C:\Img\fotoGatito.jpg
2023-04-24 18:43:15 INFO  (Imagen.java:35) Se crea imagen vacía de 600x400
2023-04-24 18:43:18 INFO  (ImagenFrame.java:36) Abrimos el file choose para escoger un archivo
2023-04-24 18:43:28 INFO  (ImagenFrame.java:40) C:\Img\fotoPerrotoGatito.jpg
2023-04-24 18:46:07 INFO  (Imagen.java:35) Se crea imagen vacía de 600x400
2023-04-24 18:46:09 INFO  (ImagenFrame.java:36) Abrimos el file choose para escoger un archivo
2023-04-24 18:46:17 INFO  (ImagenFrame.java:40) C:\Img\fotoPerritoGatito.jpg
2023-04-24 18:53:08 INFO  (Imagen.java:35) Se crea imagen vacía de 600x400
2023-04-24 18:53:11 INFO  (ImagenFrame.java:36) Abrimos el file choose para escoger un archivo
2023-04-24 18:53:30 INFO  (ImagenFrame.java:40) C:\Img\fotoPerrito.jpg
2023-04-24 18:54:10 INFO  (Imagen.java:35) Se crea imagen vacía de 600x400
2023-04-24 18:54:14 INFO  (ImagenFrame.java:36) Abrimos el file choose para escoger un archivo
2023-04-24 18:54:24 INFO  (ImagenFrame.java:40) C:\Img\fotoPerritoGatito.jpg
2023-04-24 18:54:28 INFO  (ImagenFrame.java:36) Abrimos el file choose para escoger un archivo
2023-04-24 18:54:34 INFO  (ImagenFrame.java:40) C:\Img\fotoPerrito.jpg
2023-04-24 18:54:46 INFO  (ImagenFrame.java:36) Abrimos el file choose para escoger un archivo
2023-04-24 18:54:55 INFO  (ImagenFrame.java:40) C:\Img\fotoPerrito.jpg
2023-04-24 18:55:07 INFO  (ImagenFrame.java:36) Abrimos el file choose para escoger un archivo
2023-04-24 18:55:15 INFO  (ImagenFrame.java:40) C:\Img\fotoPerrito.jpg
2023-04-24 19:01:38 INFO  (Imagen.java:32) Se crea imagen vacía de 600x400
2023-04-24 19:01:42 INFO  (ImagenFrame.java:36) Abrimos el file choose para escoger un archivo
2023-04-24 19:01:55 INFO  (ImagenFrame.java:40) C:\Img\fotoPerrito.jpg
2023-04-24 19:05:54 INFO  (Imagen.java:32) Se crea imagen vacía de 600x400
2023-04-24 19:05:56 INFO  (ImagenFrame.java:36) Abrimos el file choose para escoger un archivo
2023-04-24 19:06:07 INFO  (ImagenFrame.java:40) C:\Img\fotoPerrito.jpg
2023-04-24 19:06:15 INFO  (ImagenFrame.java:36) Abrimos el file choose para escoger un archivo
2023-04-24 19:06:30 INFO  (Imagen.java:32) Se crea imagen vacía de 600x400
2023-04-24 19:06:32 INFO  (ImagenFrame.java:36) Abrimos el file choose para escoger un archivo
2023-04-24 19:06:39 INFO  (ImagenFrame.java:40) C:\Img\fotoPerrito.jpg
2023-04-24 19:31:49 INFO  (Imagen.java:32) Se crea imagen vacía de 600x400
2023-04-24 19:32:35 INFO  (Imagen.java:32) Se crea imagen vacía de 600x400
2023-04-24 19:32:44 INFO  (ImagenFrame.java:36) Abrimos el file choose para escoger un archivo
2023-04-24 19:32:58 INFO  (ImagenFrame.java:40) C:\Img\fotoPerrito.jpg
2023-04-24 19:33:07 INFO  (Imagen.java:32) Se crea imagen vacía de 600x400
2023-04-24 19:33:46 INFO  (Imagen.java:32) Se crea imagen vacía de 600x400
2023-04-24 19:33:52 INFO  (ImagenFrame.java:36) Abrimos el file choose para escoger un archivo
2023-04-24 19:34:05 INFO  (ImagenFrame.java:40) C:\Img\fotoPerrito.jpg
2023-04-24 19:35:10 INFO  (Imagen.java:32) Se crea imagen vacía de 600x400
2023-04-24 19:35:14 INFO  (ImagenFrame.java:36) Abrimos el file choose para escoger un archivo
2023-04-24 19:35:24 INFO  (ImagenFrame.java:40) C:\Img\fotoPerrito.jpg
2023-04-24 19:36:17 INFO  (Imagen.java:32) Se crea imagen vacía de 600x400
2023-04-24 19:36:28 INFO  (ImagenFrame.java:36) Abrimos el file choose para escoger un archivo
2023-04-24 19:36:43 INFO  (ImagenFrame.java:40) C:\Img\fotoPerrito.jpg
2023-04-24 19:36:47 INFO  (ImagenFrame.java:63) El usuario borra la imagen
2023-04-24 19:36:47 DEBUG (Imagen.java:136) Se borra la imagen
2023-04-24 19:36:50 INFO  (ImagenFrame.java:36) Abrimos el file choose para escoger un archivo
2023-04-24 19:37:35 INFO  (ImagenFrame.java:40) C:\Img\fotoGatito.jpg
2023-04-24 19:38:27 INFO  (Imagen.java:32) Se crea imagen vacía de 600x400
2023-04-24 19:38:32 INFO  (ImagenFrame.java:36) Abrimos el file choose para escoger un archivo
2023-04-24 19:38:43 INFO  (ImagenFrame.java:40) C:\Img\fotoPerritoGatito.jpg
2023-04-24 19:38:50 INFO  (ImagenFrame.java:63) El usuario borra la imagen
2023-04-24 19:38:50 DEBUG (Imagen.java:136) Se borra la imagen
2023-04-24 19:38:52 INFO  (ImagenFrame.java:36) Abrimos el file choose para escoger un archivo
2023-04-24 19:39:02 INFO  (ImagenFrame.java:40) C:\Img\fotoGatito.jpg
2023-04-24 19:48:04 INFO  (Imagen.java:32) Se crea imagen vacía de 600x400
2023-04-24 19:48:09 INFO  (ImagenFrame.java:36) Abrimos el file choose para escoger un archivo
2023-04-24 19:48:17 INFO  (ImagenFrame.java:40) C:\Img\fotoPerrito.jpg
2023-04-24 19:48:25 INFO  (ImagenFrame.java:89) El usuario convierte la imagen a escala de rojo
2023-04-24 19:48:30 INFO  (ImagenFrame.java:63) El usuario borra la imagen
2023-04-24 19:48:30 DEBUG (Imagen.java:136) Se borra la imagen
2023-04-24 19:48:31 INFO  (ImagenFrame.java:36) Abrimos el file choose para escoger un archivo
2023-04-24 19:48:42 INFO  (ImagenFrame.java:40) C:\Img\fotoPerritoGatito.jpg
2023-04-24 19:48:48 INFO  (ImagenFrame.java:97) El usuario convierte la imagen a escala de verde
2023-04-24 19:49:46 INFO  (ImagenFrame.java:63) El usuario borra la imagen
2023-04-24 19:49:46 DEBUG (Imagen.java:136) Se borra la imagen
2023-04-24 19:49:48 INFO  (ImagenFrame.java:36) Abrimos el file choose para escoger un archivo
2023-04-24 19:49:59 INFO  (ImagenFrame.java:40) C:\Img\fotoGatito.jpg
2023-04-24 19:52:53 INFO  (Imagen.java:32) Se crea imagen vacía de 600x400
2023-04-24 19:52:57 INFO  (ImagenFrame.java:36) Abrimos el file choose para escoger un archivo
2023-04-24 19:53:05 INFO  (ImagenFrame.java:40) C:\Img\fotoGato.png
2023-04-24 19:53:22 INFO  (ImagenFrame.java:63) El usuario borra la imagen
2023-04-24 19:53:22 DEBUG (Imagen.java:136) Se borra la imagen
2023-04-24 19:53:53 INFO  (ImagenFrame.java:36) Abrimos el file choose para escoger un archivo
2023-04-24 19:54:06 INFO  (ImagenFrame.java:40) C:\Img\fotoPerritoGatito.jpg
2023-04-24 19:54:09 INFO  (ImagenFrame.java:36) Abrimos el file choose para escoger un archivo
2023-04-24 19:54:18 INFO  (ImagenFrame.java:40) C:\Img\fotoPerrito.jpg
2023-04-24 20:03:13 INFO  (Imagen.java:32) Se crea imagen vacía de 600x400
2023-04-24 20:03:17 INFO  (ImagenFrame.java:33) Abrimos el file choose para escoger un archivo
2023-04-24 20:03:26 INFO  (ImagenFrame.java:37) C:\Img\fotoPerrito.jpg
2023-04-24 20:03:29 INFO  (ImagenFrame.java:78) El usuario convirtió la imagen en un espejo Horizontal
2023-04-24 20:06:14 INFO  (Imagen.java:32) Se crea imagen vacía de 600x400
2023-04-24 20:06:23 INFO  (ImagenFrame.java:33) Abrimos el file choose para escoger un archivo
2023-04-24 20:06:31 INFO  (ImagenFrame.java:37) C:\Img\fotoPerrito.jpg
2023-04-24 20:06:47 INFO  (ImagenFrame.java:86) El usuario convirtió la imagen en un espejo Vertical
2023-04-24 20:06:56 INFO  (ImagenFrame.java:86) El usuario convirtió la imagen en un espejo Vertical
2023-04-24 20:07:01 INFO  (ImagenFrame.java:78) El usuario convirtió la imagen en un espejo Horizontal
2023-04-24 20:07:03 INFO  (ImagenFrame.java:86) El usuario convirtió la imagen en un espejo Vertical
2023-04-24 20:08:28 INFO  (Imagen.java:32) Se crea imagen vacía de 600x400
2023-04-24 20:08:34 INFO  (ImagenFrame.java:33) Abrimos el file choose para escoger un archivo
2023-04-24 20:08:42 INFO  (ImagenFrame.java:37) C:\Img\fotoPerrito.jpg
2023-04-24 20:08:45 INFO  (ImagenFrame.java:86) El usuario convirtió la imagen en un espejo Vertical
2023-04-24 20:09:08 INFO  (Imagen.java:32) Se crea imagen vacía de 600x400
2023-04-24 20:09:14 INFO  (ImagenFrame.java:33) Abrimos el file choose para escoger un archivo
2023-04-24 20:09:24 INFO  (ImagenFrame.java:37) C:\Img\fotoPerrito.jpg
2023-04-24 20:09:28 INFO  (ImagenFrame.java:78) El usuario convirtió la imagen en un espejo Horizontal
2023-04-24 20:10:19 INFO  (Imagen.java:32) Se crea imagen vacía de 600x400
2023-04-24 20:10:26 INFO  (ImagenFrame.java:33) Abrimos el file choose para escoger un archivo
2023-04-24 20:10:34 INFO  (ImagenFrame.java:37) C:\Img\fotoPerrito.jpg
2023-04-24 20:10:36 INFO  (ImagenFrame.java:78) El usuario convirtió la imagen en un espejo Horizontal
2023-04-24 20:14:40 INFO  (Imagen.java:32) Se crea imagen vacía de 600x400
2023-04-24 20:14:44 INFO  (ImagenFrame.java:33) Abrimos el file choose para escoger un archivo
2023-04-24 20:14:53 INFO  (ImagenFrame.java:37) C:\Img\fotoPerrito.jpg
2023-04-24 20:14:56 INFO  (ImagenFrame.java:60) El usuario borra la imagen
2023-04-24 20:14:56 DEBUG (Imagen.java:136) Se borra la imagen
2023-04-24 20:14:58 INFO  (ImagenFrame.java:33) Abrimos el file choose para escoger un archivo
2023-04-24 20:15:06 INFO  (ImagenFrame.java:37) C:\Img\fotoPerritoGatito.jpg
2023-04-24 20:21:39 INFO  (Imagen.java:32) Se crea imagen vacía de 600x400
2023-04-24 20:21:44 INFO  (ImagenFrame.java:33) Abrimos el file choose para escoger un archivo
2023-04-24 20:21:55 INFO  (ImagenFrame.java:37) C:\Img\fotoPerrito.jpg
2023-04-24 20:22:01 INFO  (ImagenFrame.java:101) El usuario convierte la imagen a escala de gris
2023-04-24 20:22:04 INFO  (ImagenFrame.java:67) El usuario le quitó el filtro a la imagen
2023-04-24 20:22:06 INFO  (ImagenFrame.java:117) El usuario convierte la imagen a escala de verde
2023-04-24 20:22:08 INFO  (ImagenFrame.java:125) El usuario convierte la imagen a escala de Azul
2023-04-24 20:22:11 INFO  (ImagenFrame.java:67) El usuario le quitó el filtro a la imagen
2023-04-24 20:22:12 INFO  (ImagenFrame.java:125) El usuario convierte la imagen a escala de Azul
2023-04-24 20:35:42 INFO  (Imagen.java:32) Se crea imagen vacía de 600x400
2023-04-24 20:39:41 INFO  (Imagen.java:32) Se crea imagen vacía de 600x400
2023-04-24 20:39:45 INFO  (ImagenFrame.java:142) Abrimos el file choose para escoger un archivo
2023-04-24 20:39:52 INFO  (ImagenFrame.java:146) C:\Img\fotoPerrito.jpg
2023-04-24 20:39:57 INFO  (ImagenFrame.java:113) El usuario convierte la imagen a escala de Azul
2023-04-24 20:40:03 INFO  (ImagenFrame.java:55) El usuario le quitó el filtro a la imagen
2023-04-24 20:40:03 DEBUG (Imagen.java:144) Se resetea el filtro
2023-04-24 20:40:20 INFO  (ImagenFrame.java:89) El usuario convierte la imagen a escala de gris
2023-04-24 20:40:24 INFO  (ImagenFrame.java:55) El usuario le quitó el filtro a la imagen
2023-04-24 20:40:24 DEBUG (Imagen.java:144) Se resetea el filtro
2023-04-24 20:40:28 INFO  (ImagenFrame.java:105) El usuario convierte la imagen a escala de verde
2023-04-24 20:40:32 INFO  (ImagenFrame.java:62) El usuario salió del programa
2023-04-24 23:43:48 INFO  (Imagen.java:31) Se crea imagen vacía de 600x400
2023-04-24 23:43:52 INFO  (ImagenFrame.java:142) Abrimos el file choose para escoger un archivo
2023-04-24 23:43:59 INFO  (ImagenFrame.java:146) C:\Img\fotoPerrito.jpg
2023-04-24 23:44:03 INFO  (ImagenFrame.java:129) El usuario convirtió la imagen a escala del filtro Sal y Pimienta
2023-04-24 23:45:16 INFO  (Imagen.java:31) Se crea imagen vacía de 600x400
2023-04-24 23:45:23 INFO  (ImagenFrame.java:142) Abrimos el file choose para escoger un archivo
2023-04-24 23:45:31 INFO  (ImagenFrame.java:146) C:\Img\fotoPerrito.jpg
2023-04-24 23:45:33 INFO  (ImagenFrame.java:129) El usuario convirtió la imagen a escala del filtro Sal y Pimienta
2023-04-24 23:47:59 INFO  (Imagen.java:31) Se crea imagen vacía de 600x400
2023-04-24 23:48:06 INFO  (ImagenFrame.java:142) Abrimos el file choose para escoger un archivo
2023-04-24 23:48:14 INFO  (ImagenFrame.java:146) C:\Img\fotoPerrito.jpg
2023-04-24 23:48:17 INFO  (ImagenFrame.java:129) El usuario convirtió la imagen a escala del filtro Sal y Pimienta
2023-04-24 23:49:54 INFO  (Imagen.java:31) Se crea imagen vacía de 600x400
2023-04-24 23:50:03 INFO  (ImagenFrame.java:142) Abrimos el file choose para escoger un archivo
2023-04-24 23:50:13 INFO  (ImagenFrame.java:146) C:\Img\fotoPerrito.jpg
2023-04-24 23:50:15 INFO  (ImagenFrame.java:129) El usuario convirtió la imagen a escala del filtro Sal y Pimienta
2023-04-24 23:52:56 INFO  (Imagen.java:31) Se crea imagen vacía de 600x400
2023-04-24 23:53:02 INFO  (ImagenFrame.java:142) Abrimos el file choose para escoger un archivo
2023-04-24 23:53:10 INFO  (ImagenFrame.java:146) C:\Img\fotoPerrito.jpg
2023-04-24 23:53:13 INFO  (ImagenFrame.java:129) El usuario convirtió la imagen a escala del filtro Sal y Pimienta
2023-04-24 23:57:11 INFO  (Imagen.java:31) Se crea imagen vacía de 600x400
2023-04-24 23:57:17 INFO  (ImagenFrame.java:142) Abrimos el file choose para escoger un archivo
2023-04-24 23:57:26 INFO  (ImagenFrame.java:146) C:\Img\fotoPerrito.jpg
2023-04-24 23:57:29 INFO  (ImagenFrame.java:129) El usuario convirtió la imagen a escala del filtro Sal y Pimienta
2023-04-24 23:57:48 INFO  (Imagen.java:31) Se crea imagen vacía de 600x400
2023-04-24 23:57:51 INFO  (ImagenFrame.java:142) Abrimos el file choose para escoger un archivo
2023-04-24 23:58:01 INFO  (ImagenFrame.java:146) C:\Img\fotoPerrito.jpg
2023-04-24 23:58:03 INFO  (ImagenFrame.java:129) El usuario convirtió la imagen a escala del filtro Sal y Pimienta
2023-04-25 00:01:18 INFO  (Imagen.java:31) Se crea imagen vacía de 600x400
2023-04-25 00:01:22 INFO  (ImagenFrame.java:142) Abrimos el file choose para escoger un archivo
2023-04-25 00:01:30 INFO  (ImagenFrame.java:146) C:\Img\fotoPerrito.jpg
2023-04-25 00:01:32 INFO  (ImagenFrame.java:129) El usuario convirtió la imagen a escala del filtro Sal y Pimienta
2023-04-25 00:01:45 INFO  (Imagen.java:31) Se crea imagen vacía de 600x400
2023-04-25 00:01:49 INFO  (ImagenFrame.java:142) Abrimos el file choose para escoger un archivo
2023-04-25 00:01:58 INFO  (ImagenFrame.java:146) C:\Img\fotoPerrito.jpg
2023-04-25 00:02:02 INFO  (ImagenFrame.java:129) El usuario convirtió la imagen a escala del filtro Sal y Pimienta
2023-04-25 00:02:15 INFO  (Imagen.java:31) Se crea imagen vacía de 600x400
2023-04-25 00:02:28 INFO  (Imagen.java:31) Se crea imagen vacía de 600x400
2023-04-25 00:02:32 INFO  (ImagenFrame.java:142) Abrimos el file choose para escoger un archivo
2023-04-25 00:02:44 INFO  (ImagenFrame.java:146) C:\Img\fotoPerrito.jpg
2023-04-25 00:02:46 INFO  (ImagenFrame.java:129) El usuario convirtió la imagen a escala del filtro Sal y Pimienta
2023-04-25 00:04:01 INFO  (Imagen.java:31) Se crea imagen vacía de 600x400
2023-04-25 00:04:08 INFO  (ImagenFrame.java:142) Abrimos el file choose para escoger un archivo
2023-04-25 00:04:17 INFO  (ImagenFrame.java:146) C:\Img\fotoGato.png
2023-04-25 00:04:21 INFO  (ImagenFrame.java:129) El usuario convirtió la imagen a escala del filtro Sal y Pimienta
2023-04-25 00:05:09 INFO  (Imagen.java:31) Se crea imagen vacía de 600x400
2023-04-25 00:05:13 INFO  (ImagenFrame.java:142) Abrimos el file choose para escoger un archivo
2023-04-25 00:05:22 INFO  (ImagenFrame.java:146) C:\Img\fotoPerritoGatito.jpg
2023-04-25 00:05:24 INFO  (ImagenFrame.java:129) El usuario convirtió la imagen a escala del filtro Sal y Pimienta
2023-04-25 03:01:24 INFO  (Imagen.java:30) Se crea imagen vacía de 600x400
2023-04-25 03:01:40 INFO  (ImagenFrame.java:142) Abrimos el file choose para escoger un archivo
2023-04-25 03:01:49 INFO  (ImagenFrame.java:146) C:\Img\fotoPerrito.jpg
2023-04-25 03:01:52 INFO  (ImagenFrame.java:121) El usuario convirtió la imagen a escala del filtro Floyd Steinberg
2023-04-25 03:05:23 INFO  (Imagen.java:30) Se crea imagen vacía de 600x400
2023-04-25 03:05:27 INFO  (ImagenFrame.java:142) Abrimos el file choose para escoger un archivo
2023-04-25 03:05:35 INFO  (ImagenFrame.java:146) C:\Img\fotoPerrito.jpg
2023-04-25 03:05:39 INFO  (ImagenFrame.java:121) El usuario convirtió la imagen a escala del filtro Floyd Steinberg
2023-04-25 03:06:41 INFO  (ImagenFrame.java:62) El usuario salió del programa
2023-04-25 03:11:55 INFO  (Imagen.java:30) Se crea imagen vacía de 600x400
2023-04-25 03:11:58 INFO  (ImagenFrame.java:142) Abrimos el file choose para escoger un archivo
2023-04-25 03:12:07 INFO  (ImagenFrame.java:146) C:\Img\fotoPerrito.jpg
2023-04-25 03:12:10 INFO  (ImagenFrame.java:121) El usuario convirtió la imagen a escala del filtro Floyd Steinberg
2023-04-25 03:15:50 INFO  (Imagen.java:30) Se crea imagen vacía de 600x400
2023-04-25 03:15:56 INFO  (ImagenFrame.java:142) Abrimos el file choose para escoger un archivo
2023-04-25 03:16:04 INFO  (ImagenFrame.java:146) C:\Img\fotoPerrito.jpg
2023-04-25 03:16:06 INFO  (ImagenFrame.java:121) El usuario convirtió la imagen a escala del filtro Floyd Steinberg
2023-04-25 03:19:09 INFO  (Imagen.java:30) Se crea imagen vacía de 600x400
2023-04-25 03:19:12 INFO  (ImagenFrame.java:142) Abrimos el file choose para escoger un archivo
2023-04-25 03:19:21 INFO  (ImagenFrame.java:146) C:\Img\fotoPerrito.jpg
2023-04-25 03:19:23 INFO  (ImagenFrame.java:129) El usuario convirtió la imagen a escala del filtro Sal y Pimienta
2023-04-25 03:19:27 INFO  (ImagenFrame.java:55) El usuario le quitó el filtro a la imagen
2023-04-25 03:19:27 DEBUG (Imagen.java:142) Se resetea el filtro
2023-04-25 03:19:29 INFO  (ImagenFrame.java:129) El usuario convirtió la imagen a escala del filtro Sal y Pimienta
2023-04-25 03:19:31 INFO  (ImagenFrame.java:55) El usuario le quitó el filtro a la imagen
2023-04-25 03:19:31 DEBUG (Imagen.java:142) Se resetea el filtro
2023-04-25 03:19:34 INFO  (ImagenFrame.java:121) El usuario convirtió la imagen a escala del filtro Floyd Steinberg
2023-04-25 03:23:07 INFO  (Imagen.java:30) Se crea imagen vacía de 600x400
2023-04-25 03:23:12 INFO  (ImagenFrame.java:142) Abrimos el file choose para escoger un archivo
2023-04-25 03:23:23 INFO  (ImagenFrame.java:146) C:\Img\fotoPerrito.jpg
2023-04-25 03:23:34 INFO  (ImagenFrame.java:89) El usuario convierte la imagen a escala de gris
2023-04-25 03:23:36 INFO  (ImagenFrame.java:55) El usuario le quitó el filtro a la imagen
2023-04-25 03:23:36 DEBUG (Imagen.java:142) Se resetea el filtro
2023-04-25 03:23:38 INFO  (ImagenFrame.java:105) El usuario convierte la imagen a escala de verde
2023-04-25 03:23:39 INFO  (ImagenFrame.java:55) El usuario le quitó el filtro a la imagen
2023-04-25 03:23:39 DEBUG (Imagen.java:142) Se resetea el filtro
2023-04-25 03:23:42 INFO  (ImagenFrame.java:129) El usuario convirtió la imagen a escala del filtro Sal y Pimienta
2023-04-25 03:23:54 INFO  (ImagenFrame.java:55) El usuario le quitó el filtro a la imagen
2023-04-25 03:23:54 DEBUG (Imagen.java:142) Se resetea el filtro
2023-04-25 03:24:01 INFO  (ImagenFrame.java:73) El usuario convirtió la imagen en un espejo Horizontal
2023-04-25 03:24:08 INFO  (ImagenFrame.java:55) El usuario le quitó el filtro a la imagen
2023-04-25 03:24:08 DEBUG (Imagen.java:142) Se resetea el filtro
2023-04-25 03:24:10 INFO  (ImagenFrame.java:81) El usuario convirtió la imagen en un espejo Vertical
2023-04-25 03:24:18 INFO  (ImagenFrame.java:121) El usuario convirtió la imagen a escala del filtro Floyd Steinberg
2023-04-25 07:31:19 INFO  (Imagen.java:30) Se crea imagen vacía de 600x400
2023-04-25 07:31:22 INFO  (ImagenFrame.java:142) Abrimos el file choose para escoger un archivo
2023-04-25 07:31:30 INFO  (ImagenFrame.java:146) C:\Img\fotoPerrito.jpg
2023-04-25 07:31:33 INFO  (ImagenFrame.java:121) El usuario convirtió la imagen a escala del filtro Floyd Steinberg
2023-04-25 07:32:15 INFO  (Imagen.java:30) Se crea imagen vacía de 600x400
2023-04-25 07:32:17 INFO  (ImagenFrame.java:142) Abrimos el file choose para escoger un archivo
2023-04-25 07:32:27 INFO  (ImagenFrame.java:146) C:\Img\fotoPerrito.jpg
2023-04-25 07:32:29 INFO  (ImagenFrame.java:129) El usuario convirtió la imagen a escala del filtro Sal y Pimienta
2023-04-25 07:32:31 INFO  (ImagenFrame.java:55) El usuario le quitó el filtro a la imagen
2023-04-25 07:32:31 DEBUG (Imagen.java:142) Se resetea el filtro
2023-04-25 07:32:32 INFO  (ImagenFrame.java:121) El usuario convirtió la imagen a escala del filtro Floyd Steinberg
2023-04-25 07:33:31 INFO  (Imagen.java:30) Se crea imagen vacía de 600x400
2023-04-25 07:33:37 INFO  (ImagenFrame.java:142) Abrimos el file choose para escoger un archivo
2023-04-25 07:34:34 INFO  (ImagenFrame.java:146) C:\Img\fotoPerrito.jpg
2023-04-25 07:34:36 INFO  (ImagenFrame.java:121) El usuario convirtió la imagen a escala del filtro Floyd Steinberg
2023-04-25 07:42:36 INFO  (Imagen.java:30) Se crea imagen vacía de 600x400
2023-04-25 07:42:39 INFO  (ImagenFrame.java:142) Abrimos el file choose para escoger un archivo
2023-04-25 07:42:50 INFO  (ImagenFrame.java:146) C:\Img\fotoPerrito.jpg
2023-04-25 07:42:52 INFO  (ImagenFrame.java:121) El usuario convirtió la imagen a escala del filtro Floyd Steinberg
2023-04-25 07:44:34 INFO  (Imagen.java:30) Se crea imagen vacía de 600x400
2023-04-25 07:44:36 INFO  (ImagenFrame.java:142) Abrimos el file choose para escoger un archivo
2023-04-25 07:44:46 INFO  (ImagenFrame.java:146) C:\Img\fotoPerrito.jpg
2023-04-25 07:44:52 INFO  (ImagenFrame.java:121) El usuario convirtió la imagen a escala del filtro Floyd Steinberg
2023-04-25 07:45:02 INFO  (ImagenFrame.java:55) El usuario le quitó el filtro a la imagen
2023-04-25 07:45:02 DEBUG (Imagen.java:142) Se resetea el filtro
2023-04-25 07:45:04 INFO  (ImagenFrame.java:121) El usuario convirtió la imagen a escala del filtro Floyd Steinberg
2023-04-25 07:45:23 INFO  (ImagenFrame.java:55) El usuario le quitó el filtro a la imagen
2023-04-25 07:45:23 DEBUG (Imagen.java:142) Se resetea el filtro
2023-04-25 07:45:25 INFO  (ImagenFrame.java:129) El usuario convirtió la imagen a escala del filtro Sal y Pimienta
2023-04-25 07:45:38 INFO  (ImagenFrame.java:55) El usuario le quitó el filtro a la imagen
2023-04-25 07:45:38 DEBUG (Imagen.java:142) Se resetea el filtro
2023-04-25 07:45:40 INFO  (ImagenFrame.java:121) El usuario convirtió la imagen a escala del filtro Floyd Steinberg
2023-04-25 07:50:17 INFO  (Imagen.java:30) Se crea imagen vacía de 600x400
2023-04-25 07:50:21 INFO  (ImagenFrame.java:142) Abrimos el file choose para escoger un archivo
2023-04-25 07:50:32 INFO  (ImagenFrame.java:146) C:\Img\fotoPerrito.jpg
2023-04-25 07:50:54 INFO  (ImagenFrame.java:73) El usuario convirtió la imagen en un espejo Horizontal
2023-04-25 07:50:57 INFO  (ImagenFrame.java:55) El usuario le quitó el filtro a la imagen
2023-04-25 07:50:57 DEBUG (Imagen.java:142) Se resetea el filtro
2023-04-25 07:50:59 INFO  (ImagenFrame.java:81) El usuario convirtió la imagen en un espejo Vertical
2023-04-25 07:51:11 INFO  (ImagenFrame.java:113) El usuario convierte la imagen a escala de Azul
2023-04-25 07:53:06 INFO  (Imagen.java:30) Se crea imagen vacía de 600x400
2023-04-25 07:53:16 INFO  (ImagenFrame.java:142) Abrimos el file choose para escoger un archivo
2023-04-25 07:53:24 INFO  (ImagenFrame.java:146) C:\Img\fotoPerrito.jpg
2023-04-25 07:53:26 INFO  (ImagenFrame.java:121) El usuario convirtió la imagen a escala del filtro Floyd Steinberg
2023-05-07 14:36:46 INFO  (Imagen.java:30) Se crea imagen vacía de 600x400
2023-05-07 14:36:48 INFO  (ImagenFrame.java:142) Abrimos el file choose para escoger un archivo
2023-05-07 15:26:42 INFO  (Imagen.java:30) Se crea imagen vacía de 600x400
2023-05-07 15:26:44 INFO  (ImagenFrame.java:142) Abrimos el file choose para escoger un archivo
2023-05-07 15:27:08 INFO  (ImagenFrame.java:146) C:\Img\fotoPerrito.jpg
2023-05-07 15:27:14 INFO  (ImagenFrame.java:97) El usuario convierte la imagen a escala de rojo
